<?xml version="1.0" encoding="UTF-8"?>
<testsuite name="TipServiceTest" tests="5" skipped="0" failures="0" errors="0" timestamp="2024-05-06T09:52:50" hostname="WIN-0PRHIOR3VM8" time="2.289">
  <properties/>
  <testcase name="[1] 0" classname="TipServiceTest" time="2.221"/>
  <testcase name="[2] 500" classname="TipServiceTest" time="0.009"/>
  <testcase name="[3] 999" classname="TipServiceTest" time="0.005"/>
  <testcase name="[1] 1000" classname="TipServiceTest" time="0.004"/>
  <testcase name="[2] 3000" classname="TipServiceTest" time="0.007"/>
  <system-out><![CDATA[]]></system-out>
  <system-err><![CDATA[]]></system-err>
</testsuite>
